<?xml version="1.0" encoding="UTF-8"?>
<testng-results ignored="0" total="2" passed="2" failed="0" skipped="0">
  <reporter-output>
  </reporter-output>
  <suite started-at="2024-12-31T14:26:11 EST" name="Default suite" finished-at="2024-12-31T14:26:12 EST" duration-ms="87">
    <groups>
    </groups>
    <test started-at="2024-12-31T14:26:11 EST" name="Default test" finished-at="2024-12-31T14:26:12 EST" duration-ms="87">
      <class name="Firsttesting.Firsttesting.Peps">
        <test-method signature="myMethod()[pri:0, instance:Firsttesting.Firsttesting.Peps@67d48005]" started-at="2024-12-31T14:26:12 EST" name="myMethod" finished-at="2024-12-31T14:26:12 EST" duration-ms="13" status="PASS">
          <reporter-output>
          </reporter-output>
        </test-method> <!-- myMethod -->
        <test-method signature="myMethod2()[pri:0, instance:Firsttesting.Firsttesting.Peps@67d48005]" started-at="2024-12-31T14:26:12 EST" name="myMethod2" finished-at="2024-12-31T14:26:12 EST" duration-ms="4" status="PASS">
          <reporter-output>
          </reporter-output>
        </test-method> <!-- myMethod2 -->
      </class> <!-- Firsttesting.Firsttesting.Peps -->
    </test> <!-- Default test -->
  </suite> <!-- Default suite -->
</testng-results>
